<?xml version="1.0" encoding="UTF-8"?>
<!-- Generated by org.testng.reporters.JUnitReportReporter -->
<testsuite skipped="1" hostname="DESKTOP-QELNRJN" name="org.pro7.TestngSuiteSample3" tests="7" failures="0" timestamp="14 Jun 2021 10:03:49 GMT" time="0.002" errors="0">
  <testcase name="tc11" time="0.000" classname="org.pro7.TestngSuiteSample3"/>
  <testcase name="tc13" time="0.001" classname="org.pro7.TestngSuiteSample3"/>
  <testcase name="tc14" time="0.000" classname="org.pro7.TestngSuiteSample3"/>
  <testcase name="tc13" time="0.000" classname="org.pro7.TestngSuiteSample3"/>
  <testcase name="tc1o" time="0.000" classname="org.pro7.TestngSuiteSample3"/>
  <testcase name="tc13" time="0.001" classname="org.pro7.TestngSuiteSample3"/>
  <testcase name="tc12" classname="org.pro7.TestngSuiteSample3">
    <skipped/>
  </testcase> <!-- tc12 -->
</testsuite> <!-- org.pro7.TestngSuiteSample3 -->
