<?xml version="1.0" encoding="UTF-8"?>
<!-- Generated by org.testng.reporters.JUnitReportReporter -->
<testsuite skipped="0" hostname="DESKTOP-QELNRJN" name="org.pro7.TestngSuiteSample" tests="5" failures="0" timestamp="14 Jun 2021 10:03:49 GMT" time="0.009" errors="0">
  <testcase name="tc2" time="0.000" classname="org.pro7.TestngSuiteSample"/>
  <testcase name="tco" time="0.001" classname="org.pro7.TestngSuiteSample"/>
  <testcase name="tc3" time="0.001" classname="org.pro7.TestngSuiteSample"/>
  <testcase name="tc1" time="0.007" classname="org.pro7.TestngSuiteSample"/>
  <testcase name="tc4" time="0.000" classname="org.pro7.TestngSuiteSample"/>
</testsuite> <!-- org.pro7.TestngSuiteSample -->
