<?xml version="1.0" encoding="UTF-8"?>
<!-- Generated by org.testng.reporters.JUnitReportReporter -->
<testsuite skipped="1" hostname="DESKTOP-QELNRJN" name="org.pro6.TestNGSampleForSkipAndRepeat" tests="7" failures="0" timestamp="14 Jun 2021 10:08:34 GMT" time="0.011" errors="0">
  <testcase name="tc13" time="0.001" classname="org.pro6.TestNGSampleForSkipAndRepeat"/>
  <testcase name="tc1" time="0.006" classname="org.pro6.TestNGSampleForSkipAndRepeat"/>
  <testcase name="tc13" time="0.001" classname="org.pro6.TestNGSampleForSkipAndRepeat"/>
  <testcase name="tco" time="0.001" classname="org.pro6.TestNGSampleForSkipAndRepeat"/>
  <testcase name="tc4" time="0.001" classname="org.pro6.TestNGSampleForSkipAndRepeat"/>
  <testcase name="tc13" time="0.001" classname="org.pro6.TestNGSampleForSkipAndRepeat"/>
  <testcase name="tc12" classname="org.pro6.TestNGSampleForSkipAndRepeat">
    <skipped/>
  </testcase> <!-- tc12 -->
</testsuite> <!-- org.pro6.TestNGSampleForSkipAndRepeat -->
