<?xml version="1.0" encoding="UTF-8"?>
<!-- Generated by org.testng.reporters.JUnitReportReporter -->
<testsuite skipped="0" hostname="DESKTOP-QELNRJN" name="org.pro9.TestngAdactinAutomationUsingParamerters" tests="2" failures="0" timestamp="15 Jun 2021 14:50:37 GMT" time="3.752" errors="0">
  <testcase name="tc1" time="3.583" classname="org.pro9.TestngAdactinAutomationUsingParamerters"/>
  <testcase name="tc0" time="0.169" classname="org.pro9.TestngAdactinAutomationUsingParamerters"/>
</testsuite> <!-- org.pro9.TestngAdactinAutomationUsingParamerters -->
