<?xml version="1.0" encoding="UTF-8"?>
<!-- Generated by org.testng.reporters.JUnitReportReporter -->
<testsuite skipped="0" hostname="DESKTOP-QELNRJN" name="org.pro6.TestNGSample" tests="5" failures="0" timestamp="12 Jun 2021 15:06:52 GMT" time="0.016" errors="0">
  <testcase name="tc4" time="0.010" classname="org.pro6.TestNGSample"/>
  <testcase name="tc1" time="0.001" classname="org.pro6.TestNGSample"/>
  <testcase name="tc3" time="0.002" classname="org.pro6.TestNGSample"/>
  <testcase name="tc2" time="0.002" classname="org.pro6.TestNGSample"/>
  <testcase name="tco" time="0.001" classname="org.pro6.TestNGSample"/>
</testsuite> <!-- org.pro6.TestNGSample -->
