<?xml version="1.0" encoding="UTF-8"?>
<!-- Generated by org.testng.reporters.JUnitReportReporter -->
<testsuite skipped="0" hostname="DESKTOP-QELNRJN" name="org.pro10.DataProviderCallingSample" tests="6" failures="0" timestamp="15 Jun 2021 15:05:01 GMT" time="0.010" errors="0">
  <testcase name="tc1" time="0.000" classname="org.pro10.DataProviderCallingSample"/>
  <testcase name="tc0" time="0.001" classname="org.pro10.DataProviderCallingSample"/>
  <testcase name="tc0" time="0.006" classname="org.pro10.DataProviderCallingSample"/>
  <testcase name="tc1" time="0.001" classname="org.pro10.DataProviderCallingSample"/>
  <testcase name="tc0" time="0.001" classname="org.pro10.DataProviderCallingSample"/>
  <testcase name="tc1" time="0.001" classname="org.pro10.DataProviderCallingSample"/>
</testsuite> <!-- org.pro10.DataProviderCallingSample -->
