<?xml version="1.0" encoding="UTF-8"?>
<!-- Generated by org.testng.reporters.JUnitReportReporter -->
<testsuite skipped="0" hostname="DESKTOP-QELNRJN" name="org.pro7.TestngSuiteSample2" tests="5" failures="0" timestamp="14 Jun 2021 10:03:49 GMT" time="0.003" errors="0">
  <testcase name="tc6" time="0.001" classname="org.pro7.TestngSuiteSample2"/>
  <testcase name="tc7" time="0.000" classname="org.pro7.TestngSuiteSample2"/>
  <testcase name="tc5" time="0.000" classname="org.pro7.TestngSuiteSample2"/>
  <testcase name="tc8" time="0.001" classname="org.pro7.TestngSuiteSample2"/>
  <testcase name="tc9" time="0.001" classname="org.pro7.TestngSuiteSample2"/>
</testsuite> <!-- org.pro7.TestngSuiteSample2 -->
