<?xml version="1.0" encoding="UTF-8"?>
<!-- Generated by org.testng.reporters.JUnitReportReporter -->
<testsuite skipped="1" hostname="DESKTOP-QELNRJN" name="org.pro6.TestNGSampleUsingPriority" tests="5" failures="0" timestamp="27 Jun 2021 10:29:59 GMT" time="0.011" errors="0">
  <testcase name="tc4" time="0.009" classname="org.pro6.TestNGSampleUsingPriority"/>
  <testcase name="tc1" time="0.001" classname="org.pro6.TestNGSampleUsingPriority"/>
  <testcase name="tc3" time="0.000" classname="org.pro6.TestNGSampleUsingPriority"/>
  <testcase name="tco" time="0.001" classname="org.pro6.TestNGSampleUsingPriority"/>
  <testcase name="tc2" classname="org.pro6.TestNGSampleUsingPriority">
    <skipped/>
  </testcase> <!-- tc2 -->
</testsuite> <!-- org.pro6.TestNGSampleUsingPriority -->
