<?xml version="1.0" encoding="UTF-8"?>
<!-- Generated by org.testng.reporters.JUnitReportReporter -->
<testsuite skipped="0" hostname="DESKTOP-QELNRJN" name="org.pro11.SoftAssertSampleTestng" tests="2" failures="0" timestamp="16 Jun 2021 15:35:58 GMT" time="0.013" errors="0">
  <testcase name="tc1" time="0.001" classname="org.pro11.SoftAssertSampleTestng"/>
  <testcase name="tc0" time="0.012" classname="org.pro11.SoftAssertSampleTestng"/>
</testsuite> <!-- org.pro11.SoftAssertSampleTestng -->
