<?xml version="1.0" encoding="UTF-8"?>
<!-- Generated by org.testng.reporters.JUnitReportReporter -->
<testsuite skipped="0" hostname="DESKTOP-QELNRJN" name="org.pro8.TestngParameters" tests="5" failures="0" timestamp="14 Jun 2021 13:57:02 GMT" time="0.009" errors="0">
  <testcase name="tc5" time="0.007" classname="org.pro8.TestngParameters"/>
  <testcase name="tc8" time="0.001" classname="org.pro8.TestngParameters"/>
  <testcase name="tc6" time="0.000" classname="org.pro8.TestngParameters"/>
  <testcase name="tc9" time="0.000" classname="org.pro8.TestngParameters"/>
  <testcase name="tc7" time="0.001" classname="org.pro8.TestngParameters"/>
</testsuite> <!-- org.pro8.TestngParameters -->
